<?xml version="1.0" encoding="UTF-8"?>
<testsuite name="dis.will.be.epic.sauce.PlayerTest" tests="2" skipped="0" failures="0" errors="0" timestamp="2018-03-20T18:36:23" hostname="CI00031574" time="0.008">
  <properties/>
  <testcase name="player_hasATableauCard" classname="dis.will.be.epic.sauce.PlayerTest" time="0.008"/>
  <testcase name="player_hasHandCards" classname="dis.will.be.epic.sauce.PlayerTest" time="0.0"/>
  <system-out><![CDATA[]]></system-out>
  <system-err><![CDATA[]]></system-err>
</testsuite>
